<?xml version="1.0" encoding="UTF-8"?>
<!-- Generated by org.testng.reporters.JUnitXMLReporter -->
<testsuite ignored="2" hostname="DESKTOP-J8IK9JH" failures="0" tests="3" name="Docker-Test-Chrome" time="2.796" errors="0" timestamp="2025-03-21T14:35:46 MEZ">
  <testcase classname="testCases.TC001_Login_Test" name="verify_login_Test" time="0.537"/>
  <testcase classname="testCases.TC002_AddtoCart_Test" name="verify_AddtpCart" time="0.24"/>
  <testcase classname="testCases.TC002_AddtoCart_Test" name="verify_reactclick" time="0.513"/>
  <testcase classname="testBase.Baseclass" name="@BeforeSuite setup" time="0.0">
    <ignored/>
  </testcase> <!-- @BeforeSuite setup -->
  <testcase classname="testBase.Baseclass" name="@AfterSuite tearDown" time="0.0">
    <ignored/>
  </testcase> <!-- @AfterSuite tearDown -->
</testsuite> <!-- Docker-Test-Chrome -->
