<?xml version="1.0" encoding="UTF-8"?>
<!-- Generated by org.testng.reporters.JUnitXMLReporter -->
<testsuite ignored="2" hostname="DESKTOP-J8IK9JH" failures="0" tests="3" name="Docker-Test" time="2.668" errors="0" timestamp="2025-03-21T14:16:31 MEZ">
  <testcase classname="testCases.TC001_Login_Test" name="verify_login_Test" time="0.572"/>
  <testcase classname="testCases.TC002_AddtoCart_Test" name="verify_AddtpCart" time="0.12"/>
  <testcase classname="testCases.TC002_AddtoCart_Test" name="verify_reactclick" time="0.264"/>
  <testcase classname="testBase.Baseclass" name="@BeforeSuite setup" time="0.0">
    <ignored/>
  </testcase> <!-- @BeforeSuite setup -->
  <testcase classname="testBase.Baseclass" name="@AfterSuite tearDown" time="0.0">
    <ignored/>
  </testcase> <!-- @AfterSuite tearDown -->
</testsuite> <!-- Docker-Test -->
