<?xml version="1.0" encoding="UTF-8"?>
<!-- Generated by org.testng.reporters.JUnitXMLReporter -->
<testsuite ignored="2" hostname="DESKTOP-J8IK9JH" failures="0" tests="3" name="Test" time="2.386" errors="0" timestamp="2025-02-05T21:26:30 MEZ">
  <testcase classname="testCases.TC001_Login_Test" name="verify_login_Test" time="0.458"/>
  <testcase classname="testCases.TC002_AddtoCart_Test" name="verify_AddtpCart" time="0.087"/>
  <testcase classname="testCases.TC002_AddtoCart_Test" name="verify_reactclick" time="0.254"/>
  <testcase classname="testBase.Baseclass" name="@BeforeSuite setup" time="0.0">
    <ignored/>
  </testcase> <!-- @BeforeSuite setup -->
  <testcase classname="testBase.Baseclass" name="@AfterSuite tearDown" time="0.0">
    <ignored/>
  </testcase> <!-- @AfterSuite tearDown -->
</testsuite> <!-- Test -->
