<?xml version="1.0" encoding="UTF-8"?>
<!-- Generated by org.testng.reporters.JUnitXMLReporter -->
<testsuite ignored="2" hostname="DESKTOP-J8IK9JH" failures="0" tests="2" name="Test" time="9.857" errors="0" timestamp="2025-05-05T09:56:13 MESZ">
  <testcase classname="testCases.TC001_Login_Test" name="verify_login_Test" time="0.503"/>
  <testcase classname="testCases.TC002_AddtoCart_Test" name="verify_AddtpCart" time="3.118"/>
  <testcase classname="testBase.Baseclass" name="@BeforeSuite setup" time="0.0">
    <ignored/>
  </testcase> <!-- @BeforeSuite setup -->
  <testcase classname="testBase.Baseclass" name="@AfterSuite tearDown" time="0.0">
    <ignored/>
  </testcase> <!-- @AfterSuite tearDown -->
</testsuite> <!-- Test -->
