<?xml version="1.0" encoding="UTF-8"?>
<!-- Generated by org.testng.reporters.JUnitXMLReporter -->
<testsuite ignored="2" hostname="DESKTOP-J8IK9JH" failures="0" tests="3" name="Test" time="4.53" errors="0" timestamp="2025-05-05T11:48:43 MESZ">
  <testcase classname="testCases.TC001_Login_Test" name="verify_login_Test" time="0.3"/>
  <testcase classname="testCases.TC002_AddtoCart_Test" name="verify_AddtpCart" time="3.13"/>
  <testcase classname="testCases.TC002_AddtoCart_Test" name="verify_reactclick" time="0.204"/>
  <testcase classname="testBase.Baseclass" name="@AfterSuite tearDown" time="0.0">
    <ignored/>
  </testcase> <!-- @AfterSuite tearDown -->
  <testcase classname="testBase.Baseclass" name="@BeforeSuite setup" time="0.0">
    <ignored/>
  </testcase> <!-- @BeforeSuite setup -->
</testsuite> <!-- Test -->
