<?xml version="1.0" encoding="UTF-8"?>
<testng-results ignored="0" total="3" passed="3" failed="0" skipped="0">
  <reporter-output>
  </reporter-output>
  <suite started-at="2025-05-03T16:36:40 MESZ" name="Suite" finished-at="2025-05-03T16:36:42 MESZ" duration-ms="1738">
    <groups>
    </groups>
    <test started-at="2025-05-03T16:36:40 MESZ" name="Test" finished-at="2025-05-03T16:36:42 MESZ" duration-ms="1738">
      <class name="testCases.TC002_AddtoCart_Test">
        <test-method signature="verify_AddtpCart()[pri:0, instance:testCases.TC002_AddtoCart_Test@31edaa7d]" started-at="2025-05-03T16:36:42 MESZ" name="verify_AddtpCart" finished-at="2025-05-03T16:36:42 MESZ" duration-ms="69" status="PASS">
          <reporter-output>
          </reporter-output>
        </test-method> <!-- verify_AddtpCart -->
        <test-method signature="verify_reactclick()[pri:0, instance:testCases.TC002_AddtoCart_Test@31edaa7d]" started-at="2025-05-03T16:36:42 MESZ" name="verify_reactclick" finished-at="2025-05-03T16:36:42 MESZ" duration-ms="217" status="PASS">
          <reporter-output>
          </reporter-output>
        </test-method> <!-- verify_reactclick -->
      </class> <!-- testCases.TC002_AddtoCart_Test -->
      <class name="testCases.TC001_Login_Test">
        <test-method is-config="true" signature="setup(java.lang.String,java.lang.String)[pri:0, instance:testCases.TC001_Login_Test@13bc8645]" started-at="2025-05-03T16:36:37 MESZ" name="setup" finished-at="2025-05-03T16:36:40 MESZ" duration-ms="3209" status="PASS">
          <params>
            <param index="0">
              <value>
                <![CDATA[Windows]]>
              </value>
            </param>
            <param index="1">
              <value>
                <![CDATA[chrome]]>
              </value>
            </param>
          </params>
          <reporter-output>
          </reporter-output>
        </test-method> <!-- setup -->
        <test-method signature="verify_login_Test(java.lang.String,java.lang.String,java.lang.String)[pri:0, instance:testCases.TC001_Login_Test@13bc8645]" started-at="2025-05-03T16:36:41 MESZ" name="verify_login_Test" data-provider="LoginData" finished-at="2025-05-03T16:36:42 MESZ" duration-ms="336" status="PASS">
          <params>
            <param index="0">
              <value>
                <![CDATA[standard_user]]>
              </value>
            </param>
            <param index="1">
              <value>
                <![CDATA[secret_sauce]]>
              </value>
            </param>
            <param index="2">
              <value>
                <![CDATA[Valid]]>
              </value>
            </param>
          </params>
          <reporter-output>
          </reporter-output>
        </test-method> <!-- verify_login_Test -->
        <test-method is-config="true" signature="tearDown()[pri:0, instance:testCases.TC001_Login_Test@13bc8645]" started-at="2025-05-03T16:36:43 MESZ" name="tearDown" finished-at="2025-05-03T16:36:43 MESZ" duration-ms="246" status="PASS">
          <reporter-output>
          </reporter-output>
        </test-method> <!-- tearDown -->
      </class> <!-- testCases.TC001_Login_Test -->
    </test> <!-- Test -->
  </suite> <!-- Suite -->
</testng-results>
