<?xml version="1.0" encoding="UTF-8"?>
<testng-results ignored="2" total="5" passed="3" failed="0" skipped="0">
  <reporter-output>
  </reporter-output>
  <suite started-at="2025-02-05T21:26:28 MEZ" name="Suite" finished-at="2025-02-05T21:26:30 MEZ" duration-ms="2386">
    <groups>
    </groups>
    <test started-at="2025-02-05T21:26:28 MEZ" name="Test" finished-at="2025-02-05T21:26:30 MEZ" duration-ms="2386">
      <class name="testCases.TC002_AddtoCart_Test">
        <test-method signature="verify_AddtpCart()[pri:0, instance:testCases.TC002_AddtoCart_Test@3e694b3f]" started-at="2025-02-05T21:26:30 MEZ" name="verify_AddtpCart" finished-at="2025-02-05T21:26:30 MEZ" duration-ms="87" status="PASS">
          <reporter-output>
          </reporter-output>
        </test-method> <!-- verify_AddtpCart -->
        <test-method signature="verify_reactclick()[pri:0, instance:testCases.TC002_AddtoCart_Test@3e694b3f]" started-at="2025-02-05T21:26:30 MEZ" name="verify_reactclick" finished-at="2025-02-05T21:26:30 MEZ" duration-ms="254" status="PASS">
          <reporter-output>
          </reporter-output>
        </test-method> <!-- verify_reactclick -->
      </class> <!-- testCases.TC002_AddtoCart_Test -->
      <class name="testCases.TC001_Login_Test">
        <test-method is-config="true" signature="setup(java.lang.String,java.lang.String)[pri:0, instance:testCases.TC001_Login_Test@14cd1699]" started-at="2025-02-05T21:26:26 MEZ" name="setup" finished-at="2025-02-05T21:26:28 MEZ" duration-ms="2158" status="PASS">
          <params>
            <param index="0">
              <value>
                <![CDATA[Windows]]>
              </value>
            </param>
            <param index="1">
              <value>
                <![CDATA[chrome]]>
              </value>
            </param>
          </params>
          <reporter-output>
          </reporter-output>
        </test-method> <!-- setup -->
        <test-method signature="verify_login_Test(java.lang.String,java.lang.String,java.lang.String)[pri:0, instance:testCases.TC001_Login_Test@14cd1699]" started-at="2025-02-05T21:26:30 MEZ" name="verify_login_Test" data-provider="LoginData" finished-at="2025-02-05T21:26:30 MEZ" duration-ms="458" status="PASS">
          <params>
            <param index="0">
              <value>
                <![CDATA[standard_user]]>
              </value>
            </param>
            <param index="1">
              <value>
                <![CDATA[secret_sauce]]>
              </value>
            </param>
            <param index="2">
              <value>
                <![CDATA[Valid]]>
              </value>
            </param>
          </params>
          <reporter-output>
          </reporter-output>
        </test-method> <!-- verify_login_Test -->
        <test-method is-config="true" signature="tearDown()[pri:0, instance:testCases.TC001_Login_Test@14cd1699]" started-at="2025-02-05T21:26:31 MEZ" name="tearDown" finished-at="2025-02-05T21:26:31 MEZ" duration-ms="196" status="PASS">
          <reporter-output>
          </reporter-output>
        </test-method> <!-- tearDown -->
      </class> <!-- testCases.TC001_Login_Test -->
    </test> <!-- Test -->
  </suite> <!-- Suite -->
</testng-results>
